
> vibe-generated-app@1.0.0 dev
> vite


  VITE v5.4.20  ready in 313 ms

  ➜  Local:   http://localhost:3000/
  ➜  Network: http://172.20.3.1:3000/
10:33:11 AM [vite] Pre-transform error: Failed to resolve import "gsap" from "src/components/Hero3D.jsx". Does the file exist?
10:33:11 AM [vite] Pre-transform error: Failed to resolve import "gsap" from "src/components/About.jsx". Does the file exist?
10:33:11 AM [vite] Pre-transform error: Failed to resolve import "gsap" from "src/components/Contact.jsx". Does the file exist?
10:33:11 AM [vite] Pre-transform error: Failed to resolve import "gsap" from "src/components/Projects.jsx". Does the file exist?
10:33:11 AM [vite] ✨ new dependencies optimized: @splinetool/react-spline, framer-motion
10:33:11 AM [vite] ✨ optimized dependencies changed. reloading
10:33:12 AM [vite] Pre-transform error: Failed to resolve import "gsap" from "src/components/About.jsx". Does the file exist?
10:33:12 AM [vite] Pre-transform error: Failed to resolve import "gsap" from "src/components/Contact.jsx". Does the file exist?
10:33:12 AM [vite] Pre-transform error: Failed to resolve import "gsap" from "src/components/Projects.jsx". Does the file exist?
10:33:12 AM [vite] Pre-transform error: Failed to resolve import "gsap" from "src/components/Hero3D.jsx". Does the file exist?
The file does not exist at "/home/workspace/node_modules/.vite/deps/chunk-I4MZPW7S.js?v=35394813" which is in the optimize deps directory. The dependency might be incompatible with the dep optimizer. Try adding it to `optimizeDeps.exclude`.
10:33:16 AM [vite] Internal server error: Failed to resolve import "gsap" from "src/components/Hero3D.jsx". Does the file exist?
  Plugin: vite:import-analysis
  File: /home/workspace/src/components/Hero3D.jsx:19:35
  15 |      (async () => {
  16 |        try {
  17 |          const gsap = (await import("gsap")).default;
     |                                     ^
  18 |          const { ScrollTrigger } = await import("gsap/ScrollTrigger");
  19 |          gsap.registerPlugin(ScrollTrigger);
      at TransformPluginContext._formatError (file:///home/workspace/node_modules/vite/dist/node/chunks/dep-D_zLpgQd.js:49258:41)
      at TransformPluginContext.error (file:///home/workspace/node_modules/vite/dist/node/chunks/dep-D_zLpgQd.js:49253:16)
      at normalizeUrl (file:///home/workspace/node_modules/vite/dist/node/chunks/dep-D_zLpgQd.js:64306:23)
      at process.processTicksAndRejections (node:internal/process/task_queues:105:5)
      at async file:///home/workspace/node_modules/vite/dist/node/chunks/dep-D_zLpgQd.js:64438:39
      at async Promise.all (index 4)
      at async TransformPluginContext.transform (file:///home/workspace/node_modules/vite/dist/node/chunks/dep-D_zLpgQd.js:64365:7)
      at async PluginContainer.transform (file:///home/workspace/node_modules/vite/dist/node/chunks/dep-D_zLpgQd.js:49099:18)
      at async loadAndTransform (file:///home/workspace/node_modules/vite/dist/node/chunks/dep-D_zLpgQd.js:51977:27)
      at async viteTransformMiddleware (file:///home/workspace/node_modules/vite/dist/node/chunks/dep-D_zLpgQd.js:62105:24)
10:33:16 AM [vite] Internal server error: Failed to resolve import "gsap" from "src/components/About.jsx". Does the file exist?
  Plugin: vite:import-analysis
  File: /home/workspace/src/components/About.jsx:11:35
  8  |      (async () => {
  9  |        try {
  10 |          const gsap = (await import("gsap")).default;
     |                                     ^
  11 |          const { ScrollTrigger } = await import("gsap/ScrollTrigger");
  12 |          gsap.registerPlugin(ScrollTrigger);
      at TransformPluginContext._formatError (file:///home/workspace/node_modules/vite/dist/node/chunks/dep-D_zLpgQd.js:49258:41)
      at TransformPluginContext.error (file:///home/workspace/node_modules/vite/dist/node/chunks/dep-D_zLpgQd.js:49253:16)
      at normalizeUrl (file:///home/workspace/node_modules/vite/dist/node/chunks/dep-D_zLpgQd.js:64306:23)
      at process.processTicksAndRejections (node:internal/process/task_queues:105:5)
      at async file:///home/workspace/node_modules/vite/dist/node/chunks/dep-D_zLpgQd.js:64438:39
      at async Promise.all (index 3)
      at async TransformPluginContext.transform (file:///home/workspace/node_modules/vite/dist/node/chunks/dep-D_zLpgQd.js:64365:7)
      at async PluginContainer.transform (file:///home/workspace/node_modules/vite/dist/node/chunks/dep-D_zLpgQd.js:49099:18)
      at async loadAndTransform (file:///home/workspace/node_modules/vite/dist/node/chunks/dep-D_zLpgQd.js:51977:27)
      at async viteTransformMiddleware (file:///home/workspace/node_modules/vite/dist/node/chunks/dep-D_zLpgQd.js:62105:24)
10:33:16 AM [vite] Internal server error: Failed to resolve import "gsap" from "src/components/Projects.jsx". Does the file exist?
  Plugin: vite:import-analysis
  File: /home/workspace/src/components/Projects.jsx:71:35
  151|      (async () => {
  152|        try {
  153|          const gsap = (await import("gsap")).default;
     |                                     ^
  154|          const { ScrollTrigger } = await import("gsap/ScrollTrigger");
  155|          gsap.registerPlugin(ScrollTrigger);
      at TransformPluginContext._formatError (file:///home/workspace/node_modules/vite/dist/node/chunks/dep-D_zLpgQd.js:49258:41)
      at TransformPluginContext.error (file:///home/workspace/node_modules/vite/dist/node/chunks/dep-D_zLpgQd.js:49253:16)
      at normalizeUrl (file:///home/workspace/node_modules/vite/dist/node/chunks/dep-D_zLpgQd.js:64306:23)
      at process.processTicksAndRejections (node:internal/process/task_queues:105:5)
      at async file:///home/workspace/node_modules/vite/dist/node/chunks/dep-D_zLpgQd.js:64438:39
      at async Promise.all (index 4)
      at async TransformPluginContext.transform (file:///home/workspace/node_modules/vite/dist/node/chunks/dep-D_zLpgQd.js:64365:7)
      at async PluginContainer.transform (file:///home/workspace/node_modules/vite/dist/node/chunks/dep-D_zLpgQd.js:49099:18)
      at async loadAndTransform (file:///home/workspace/node_modules/vite/dist/node/chunks/dep-D_zLpgQd.js:51977:27)
      at async viteTransformMiddleware (file:///home/workspace/node_modules/vite/dist/node/chunks/dep-D_zLpgQd.js:62105:24)
10:33:16 AM [vite] Internal server error: Failed to resolve import "gsap" from "src/components/Contact.jsx". Does the file exist?
  Plugin: vite:import-analysis
  File: /home/workspace/src/components/Contact.jsx:16:35
  13 |      (async () => {
  14 |        try {
  15 |          const gsap = (await import("gsap")).default;
     |                                     ^
  16 |          const { ScrollTrigger } = await import("gsap/ScrollTrigger");
  17 |          gsap.registerPlugin(ScrollTrigger);
      at TransformPluginContext._formatError (file:///home/workspace/node_modules/vite/dist/node/chunks/dep-D_zLpgQd.js:49258:41)
      at TransformPluginContext.error (file:///home/workspace/node_modules/vite/dist/node/chunks/dep-D_zLpgQd.js:49253:16)
      at normalizeUrl (file:///home/workspace/node_modules/vite/dist/node/chunks/dep-D_zLpgQd.js:64306:23)
      at process.processTicksAndRejections (node:internal/process/task_queues:105:5)
      at async file:///home/workspace/node_modules/vite/dist/node/chunks/dep-D_zLpgQd.js:64438:39
      at async Promise.all (index 3)
      at async TransformPluginContext.transform (file:///home/workspace/node_modules/vite/dist/node/chunks/dep-D_zLpgQd.js:64365:7)
      at async PluginContainer.transform (file:///home/workspace/node_modules/vite/dist/node/chunks/dep-D_zLpgQd.js:49099:18)
      at async loadAndTransform (file:///home/workspace/node_modules/vite/dist/node/chunks/dep-D_zLpgQd.js:51977:27)
      at async viteTransformMiddleware (file:///home/workspace/node_modules/vite/dist/node/chunks/dep-D_zLpgQd.js:62105:24)
